{"level":"INFO","time":"2022-03-04 00:51:25","msg":"后端基础架构api文档启动成功，监听端口：3001"}
{"level":"INFO","time":"2022-03-04 00:51:34","msg":"/swagger/index.html","status":200,"method":"GET","path":"/swagger/index.html","query":"","params":null,"ip":"::1","user-agent":"Mozilla/5.0 (Macintosh; Intel Mac OS X 10_15_7) AppleWebKit/537.36 (KHTML, like Gecko) Chrome/98.0.4758.109 Safari/537.36","errors":"","cost":0.004193667}
{"level":"INFO","time":"2022-03-04 00:51:34","msg":"/swagger/swagger-ui-bundle.js","status":200,"method":"GET","path":"/swagger/swagger-ui-bundle.js","query":"","params":null,"ip":"::1","user-agent":"Mozilla/5.0 (Macintosh; Intel Mac OS X 10_15_7) AppleWebKit/537.36 (KHTML, like Gecko) Chrome/98.0.4758.109 Safari/537.36","errors":"","cost":0.002011}
{"level":"INFO","time":"2022-03-04 00:51:34","msg":"/swagger/swagger-ui.css","status":200,"method":"GET","path":"/swagger/swagger-ui.css","query":"","params":null,"ip":"::1","user-agent":"Mozilla/5.0 (Macintosh; Intel Mac OS X 10_15_7) AppleWebKit/537.36 (KHTML, like Gecko) Chrome/98.0.4758.109 Safari/537.36","errors":"","cost":0.00092875}
{"level":"INFO","time":"2022-03-04 00:51:34","msg":"/swagger/swagger-ui-standalone-preset.js","status":200,"method":"GET","path":"/swagger/swagger-ui-standalone-preset.js","query":"","params":null,"ip":"::1","user-agent":"Mozilla/5.0 (Macintosh; Intel Mac OS X 10_15_7) AppleWebKit/537.36 (KHTML, like Gecko) Chrome/98.0.4758.109 Safari/537.36","errors":"","cost":0.003324459}
{"level":"INFO","time":"2022-03-04 00:51:34","msg":"/swagger/doc.json","status":200,"method":"GET","path":"/swagger/doc.json","query":"","params":null,"ip":"::1","user-agent":"Mozilla/5.0 (Macintosh; Intel Mac OS X 10_15_7) AppleWebKit/537.36 (KHTML, like Gecko) Chrome/98.0.4758.109 Safari/537.36","errors":"","cost":0.000844}
{"level":"INFO","time":"2022-03-04 00:51:34","msg":"/swagger/favicon-32x32.png","status":200,"method":"GET","path":"/swagger/favicon-32x32.png","query":"","params":null,"ip":"::1","user-agent":"Mozilla/5.0 (Macintosh; Intel Mac OS X 10_15_7) AppleWebKit/537.36 (KHTML, like Gecko) Chrome/98.0.4758.109 Safari/537.36","errors":"","cost":0.000080333}
{"level":"INFO","time":"2022-03-04 00:52:23","msg":"后端基础架构api文档启动成功，监听端口：3001"}
{"level":"INFO","time":"2022-03-04 00:52:26","msg":"后端基础架构api文档启动成功，监听端口：3001"}
{"level":"INFO","time":"2022-03-04 00:52:30","msg":"/swagger/index.html","status":200,"method":"GET","path":"/swagger/index.html","query":"","params":null,"ip":"::1","user-agent":"Mozilla/5.0 (Macintosh; Intel Mac OS X 10_15_7) AppleWebKit/537.36 (KHTML, like Gecko) Chrome/98.0.4758.109 Safari/537.36","errors":"","cost":0.004163}
{"level":"INFO","time":"2022-03-04 00:52:30","msg":"/swagger/swagger-ui.css","status":200,"method":"GET","path":"/swagger/swagger-ui.css","query":"","params":null,"ip":"::1","user-agent":"Mozilla/5.0 (Macintosh; Intel Mac OS X 10_15_7) AppleWebKit/537.36 (KHTML, like Gecko) Chrome/98.0.4758.109 Safari/537.36","errors":"","cost":0.000198292}
{"level":"INFO","time":"2022-03-04 00:52:30","msg":"/swagger/swagger-ui-standalone-preset.js","status":200,"method":"GET","path":"/swagger/swagger-ui-standalone-preset.js","query":"","params":null,"ip":"::1","user-agent":"Mozilla/5.0 (Macintosh; Intel Mac OS X 10_15_7) AppleWebKit/537.36 (KHTML, like Gecko) Chrome/98.0.4758.109 Safari/537.36","errors":"","cost":0.0017015}
{"level":"INFO","time":"2022-03-04 00:52:30","msg":"/swagger/swagger-ui-bundle.js","status":200,"method":"GET","path":"/swagger/swagger-ui-bundle.js","query":"","params":null,"ip":"::1","user-agent":"Mozilla/5.0 (Macintosh; Intel Mac OS X 10_15_7) AppleWebKit/537.36 (KHTML, like Gecko) Chrome/98.0.4758.109 Safari/537.36","errors":"","cost":0.002194167}
{"level":"INFO","time":"2022-03-04 00:52:30","msg":"/swagger/doc.json","status":200,"method":"GET","path":"/swagger/doc.json","query":"","params":null,"ip":"::1","user-agent":"Mozilla/5.0 (Macintosh; Intel Mac OS X 10_15_7) AppleWebKit/537.36 (KHTML, like Gecko) Chrome/98.0.4758.109 Safari/537.36","errors":"","cost":0.000902833}
{"level":"INFO","time":"2022-03-04 00:52:30","msg":"/swagger/favicon-32x32.png","status":200,"method":"GET","path":"/swagger/favicon-32x32.png","query":"","params":null,"ip":"::1","user-agent":"Mozilla/5.0 (Macintosh; Intel Mac OS X 10_15_7) AppleWebKit/537.36 (KHTML, like Gecko) Chrome/98.0.4758.109 Safari/537.36","errors":"","cost":0.000055959}
{"level":"INFO","time":"2022-03-04 00:52:36","msg":"/api/v1/user/","status":200,"method":"POST","path":"/api/v1/user/","query":"","params":null,"ip":"::1","user-agent":"Mozilla/5.0 (Macintosh; Intel Mac OS X 10_15_7) AppleWebKit/537.36 (KHTML, like Gecko) Chrome/98.0.4758.109 Safari/537.36","errors":"","cost":0.026501917}
{"level":"INFO","time":"2022-03-04 00:53:38","msg":"后端基础架构api文档启动成功，监听端口：3001"}
{"level":"INFO","time":"2022-03-04 00:53:42","msg":"/swagger/index.html","status":200,"method":"GET","path":"/swagger/index.html","query":"","params":null,"ip":"::1","user-agent":"Mozilla/5.0 (Macintosh; Intel Mac OS X 10_15_7) AppleWebKit/537.36 (KHTML, like Gecko) Chrome/98.0.4758.109 Safari/537.36","errors":"","cost":0.004467708}
{"level":"INFO","time":"2022-03-04 00:53:42","msg":"/swagger/swagger-ui.css","status":200,"method":"GET","path":"/swagger/swagger-ui.css","query":"","params":null,"ip":"::1","user-agent":"Mozilla/5.0 (Macintosh; Intel Mac OS X 10_15_7) AppleWebKit/537.36 (KHTML, like Gecko) Chrome/98.0.4758.109 Safari/537.36","errors":"","cost":0.000391791}
{"level":"INFO","time":"2022-03-04 00:53:42","msg":"/swagger/swagger-ui-standalone-preset.js","status":200,"method":"GET","path":"/swagger/swagger-ui-standalone-preset.js","query":"","params":null,"ip":"::1","user-agent":"Mozilla/5.0 (Macintosh; Intel Mac OS X 10_15_7) AppleWebKit/537.36 (KHTML, like Gecko) Chrome/98.0.4758.109 Safari/537.36","errors":"","cost":0.001207708}
{"level":"INFO","time":"2022-03-04 00:53:42","msg":"/swagger/swagger-ui-bundle.js","status":200,"method":"GET","path":"/swagger/swagger-ui-bundle.js","query":"","params":null,"ip":"::1","user-agent":"Mozilla/5.0 (Macintosh; Intel Mac OS X 10_15_7) AppleWebKit/537.36 (KHTML, like Gecko) Chrome/98.0.4758.109 Safari/537.36","errors":"","cost":0.001546459}
{"level":"INFO","time":"2022-03-04 00:53:42","msg":"/swagger/doc.json","status":200,"method":"GET","path":"/swagger/doc.json","query":"","params":null,"ip":"::1","user-agent":"Mozilla/5.0 (Macintosh; Intel Mac OS X 10_15_7) AppleWebKit/537.36 (KHTML, like Gecko) Chrome/98.0.4758.109 Safari/537.36","errors":"","cost":0.000831}
{"level":"INFO","time":"2022-03-04 00:53:42","msg":"/swagger/favicon-32x32.png","status":200,"method":"GET","path":"/swagger/favicon-32x32.png","query":"","params":null,"ip":"::1","user-agent":"Mozilla/5.0 (Macintosh; Intel Mac OS X 10_15_7) AppleWebKit/537.36 (KHTML, like Gecko) Chrome/98.0.4758.109 Safari/537.36","errors":"","cost":0.000145084}
{"level":"INFO","time":"2022-03-04 00:53:47","msg":"/api/v1/user/","status":200,"method":"POST","path":"/api/v1/user/","query":"","params":null,"ip":"::1","user-agent":"Mozilla/5.0 (Macintosh; Intel Mac OS X 10_15_7) AppleWebKit/537.36 (KHTML, like Gecko) Chrome/98.0.4758.109 Safari/537.36","errors":"","cost":0.019586583}
{"level":"INFO","time":"2022-03-04 00:54:44","msg":"后端基础架构api文档启动成功，监听端口：3001"}
{"level":"INFO","time":"2022-03-04 00:54:52","msg":"/swagger/index.html","status":200,"method":"GET","path":"/swagger/index.html","query":"","params":null,"ip":"::1","user-agent":"Mozilla/5.0 (Macintosh; Intel Mac OS X 10_15_7) AppleWebKit/537.36 (KHTML, like Gecko) Chrome/98.0.4758.109 Safari/537.36","errors":"","cost":0.003850375}
{"level":"INFO","time":"2022-03-04 00:54:52","msg":"/swagger/swagger-ui.css","status":200,"method":"GET","path":"/swagger/swagger-ui.css","query":"","params":null,"ip":"::1","user-agent":"Mozilla/5.0 (Macintosh; Intel Mac OS X 10_15_7) AppleWebKit/537.36 (KHTML, like Gecko) Chrome/98.0.4758.109 Safari/537.36","errors":"","cost":0.000241208}
{"level":"INFO","time":"2022-03-04 00:54:52","msg":"/swagger/swagger-ui-standalone-preset.js","status":200,"method":"GET","path":"/swagger/swagger-ui-standalone-preset.js","query":"","params":null,"ip":"::1","user-agent":"Mozilla/5.0 (Macintosh; Intel Mac OS X 10_15_7) AppleWebKit/537.36 (KHTML, like Gecko) Chrome/98.0.4758.109 Safari/537.36","errors":"","cost":0.001781167}
{"level":"INFO","time":"2022-03-04 00:54:52","msg":"/swagger/swagger-ui-bundle.js","status":200,"method":"GET","path":"/swagger/swagger-ui-bundle.js","query":"","params":null,"ip":"::1","user-agent":"Mozilla/5.0 (Macintosh; Intel Mac OS X 10_15_7) AppleWebKit/537.36 (KHTML, like Gecko) Chrome/98.0.4758.109 Safari/537.36","errors":"","cost":0.001742708}
{"level":"INFO","time":"2022-03-04 00:54:52","msg":"/swagger/doc.json","status":200,"method":"GET","path":"/swagger/doc.json","query":"","params":null,"ip":"::1","user-agent":"Mozilla/5.0 (Macintosh; Intel Mac OS X 10_15_7) AppleWebKit/537.36 (KHTML, like Gecko) Chrome/98.0.4758.109 Safari/537.36","errors":"","cost":0.001841667}
{"level":"INFO","time":"2022-03-04 00:54:52","msg":"/swagger/favicon-32x32.png","status":200,"method":"GET","path":"/swagger/favicon-32x32.png","query":"","params":null,"ip":"::1","user-agent":"Mozilla/5.0 (Macintosh; Intel Mac OS X 10_15_7) AppleWebKit/537.36 (KHTML, like Gecko) Chrome/98.0.4758.109 Safari/537.36","errors":"","cost":0.000086125}
{"level":"INFO","time":"2022-03-04 00:55:32","msg":"后端基础架构api文档启动成功，监听端口：3001"}
{"level":"INFO","time":"2022-03-04 00:56:56","msg":"后端基础架构api文档启动成功，监听端口：3001"}
{"level":"INFO","time":"2022-03-04 00:57:00","msg":"后端基础架构api文档启动成功，监听端口：3001"}
{"level":"INFO","time":"2022-03-04 00:57:02","msg":"/swagger/index.html","status":200,"method":"GET","path":"/swagger/index.html","query":"","params":null,"ip":"::1","user-agent":"Mozilla/5.0 (Macintosh; Intel Mac OS X 10_15_7) AppleWebKit/537.36 (KHTML, like Gecko) Chrome/98.0.4758.109 Safari/537.36","errors":"","cost":0.003794416}
{"level":"INFO","time":"2022-03-04 00:57:02","msg":"/swagger/swagger-ui.css","status":200,"method":"GET","path":"/swagger/swagger-ui.css","query":"","params":null,"ip":"::1","user-agent":"Mozilla/5.0 (Macintosh; Intel Mac OS X 10_15_7) AppleWebKit/537.36 (KHTML, like Gecko) Chrome/98.0.4758.109 Safari/537.36","errors":"","cost":0.000248333}
{"level":"INFO","time":"2022-03-04 00:57:02","msg":"/swagger/swagger-ui-standalone-preset.js","status":200,"method":"GET","path":"/swagger/swagger-ui-standalone-preset.js","query":"","params":null,"ip":"::1","user-agent":"Mozilla/5.0 (Macintosh; Intel Mac OS X 10_15_7) AppleWebKit/537.36 (KHTML, like Gecko) Chrome/98.0.4758.109 Safari/537.36","errors":"","cost":0.00169975}
{"level":"INFO","time":"2022-03-04 00:57:02","msg":"/swagger/swagger-ui-bundle.js","status":200,"method":"GET","path":"/swagger/swagger-ui-bundle.js","query":"","params":null,"ip":"::1","user-agent":"Mozilla/5.0 (Macintosh; Intel Mac OS X 10_15_7) AppleWebKit/537.36 (KHTML, like Gecko) Chrome/98.0.4758.109 Safari/537.36","errors":"","cost":0.001583125}
{"level":"INFO","time":"2022-03-04 00:57:02","msg":"/swagger/doc.json","status":200,"method":"GET","path":"/swagger/doc.json","query":"","params":null,"ip":"::1","user-agent":"Mozilla/5.0 (Macintosh; Intel Mac OS X 10_15_7) AppleWebKit/537.36 (KHTML, like Gecko) Chrome/98.0.4758.109 Safari/537.36","errors":"","cost":0.001384041}
{"level":"INFO","time":"2022-03-04 00:57:02","msg":"/swagger/favicon-32x32.png","status":200,"method":"GET","path":"/swagger/favicon-32x32.png","query":"","params":null,"ip":"::1","user-agent":"Mozilla/5.0 (Macintosh; Intel Mac OS X 10_15_7) AppleWebKit/537.36 (KHTML, like Gecko) Chrome/98.0.4758.109 Safari/537.36","errors":"","cost":0.000230375}
{"level":"INFO","time":"2022-03-04 00:57:08","msg":"/api/v1/user/","status":200,"method":"POST","path":"/api/v1/user/","query":"","params":null,"ip":"::1","user-agent":"Mozilla/5.0 (Macintosh; Intel Mac OS X 10_15_7) AppleWebKit/537.36 (KHTML, like Gecko) Chrome/98.0.4758.109 Safari/537.36","errors":"","cost":0.018868084}
{"level":"INFO","time":"2022-03-04 00:57:40","msg":"后端基础架构api文档启动成功，监听端口：3001"}
{"level":"INFO","time":"2022-03-04 00:59:21","msg":"后端基础架构api文档启动成功，监听端口：3001"}
{"level":"INFO","time":"2022-03-04 01:00:24","msg":"后端基础架构api文档启动成功，监听端口：3001"}
{"level":"INFO","time":"2022-03-04 01:00:27","msg":"/api/v1/user/","status":200,"method":"POST","path":"/api/v1/user/","query":"","params":null,"ip":"::1","user-agent":"Mozilla/5.0 (Macintosh; Intel Mac OS X 10_15_7) AppleWebKit/537.36 (KHTML, like Gecko) Chrome/98.0.4758.109 Safari/537.36","errors":"","cost":0.030242583}
{"level":"INFO","time":"2022-03-04 01:03:47","msg":"后端基础架构api文档启动成功，监听端口：3001"}
{"level":"INFO","time":"2022-03-04 01:04:05","msg":"后端基础架构api文档启动成功，监听端口：3001"}
{"level":"INFO","time":"2022-03-04 10:59:18","msg":"后端基础架构api文档启动成功，监听端口：3001"}
{"level":"INFO","time":"2022-03-04 10:59:51","msg":"/swagger/index.html","status":200,"method":"GET","path":"/swagger/index.html","query":"","params":null,"ip":"::1","user-agent":"Mozilla/5.0 (Macintosh; Intel Mac OS X 10_15_7) AppleWebKit/537.36 (KHTML, like Gecko) Chrome/98.0.4758.109 Safari/537.36","errors":"","cost":0.000490287}
{"level":"INFO","time":"2022-03-04 10:59:52","msg":"/swagger/swagger-ui.css","status":200,"method":"GET","path":"/swagger/swagger-ui.css","query":"","params":null,"ip":"::1","user-agent":"Mozilla/5.0 (Macintosh; Intel Mac OS X 10_15_7) AppleWebKit/537.36 (KHTML, like Gecko) Chrome/98.0.4758.109 Safari/537.36","errors":"","cost":0.000397506}
{"level":"INFO","time":"2022-03-04 10:59:52","msg":"/swagger/swagger-ui-standalone-preset.js","status":200,"method":"GET","path":"/swagger/swagger-ui-standalone-preset.js","query":"","params":null,"ip":"::1","user-agent":"Mozilla/5.0 (Macintosh; Intel Mac OS X 10_15_7) AppleWebKit/537.36 (KHTML, like Gecko) Chrome/98.0.4758.109 Safari/537.36","errors":"","cost":0.000950436}
{"level":"INFO","time":"2022-03-04 10:59:52","msg":"/swagger/swagger-ui-bundle.js","status":200,"method":"GET","path":"/swagger/swagger-ui-bundle.js","query":"","params":null,"ip":"::1","user-agent":"Mozilla/5.0 (Macintosh; Intel Mac OS X 10_15_7) AppleWebKit/537.36 (KHTML, like Gecko) Chrome/98.0.4758.109 Safari/537.36","errors":"","cost":0.005290178}
{"level":"INFO","time":"2022-03-04 10:59:52","msg":"/swagger/doc.json","status":200,"method":"GET","path":"/swagger/doc.json","query":"","params":null,"ip":"::1","user-agent":"Mozilla/5.0 (Macintosh; Intel Mac OS X 10_15_7) AppleWebKit/537.36 (KHTML, like Gecko) Chrome/98.0.4758.109 Safari/537.36","errors":"","cost":0.000294745}
{"level":"INFO","time":"2022-03-04 10:59:52","msg":"/swagger/favicon-32x32.png","status":200,"method":"GET","path":"/swagger/favicon-32x32.png","query":"","params":null,"ip":"::1","user-agent":"Mozilla/5.0 (Macintosh; Intel Mac OS X 10_15_7) AppleWebKit/537.36 (KHTML, like Gecko) Chrome/98.0.4758.109 Safari/537.36","errors":"","cost":0.000044837}
{"level":"INFO","time":"2022-03-04 11:00:21","msg":"后端基础架构api文档启动成功，监听端口：3001"}
{"level":"INFO","time":"2022-03-04 11:21:25","msg":"/swagger/index.html","status":200,"method":"GET","path":"/swagger/index.html","query":"","params":null,"ip":"::1","user-agent":"Mozilla/5.0 (Macintosh; Intel Mac OS X 10_15_7) AppleWebKit/537.36 (KHTML, like Gecko) Chrome/98.0.4758.109 Safari/537.36","errors":"","cost":0.000100563}
{"level":"INFO","time":"2022-03-04 11:21:25","msg":"/swagger/doc.json","status":200,"method":"GET","path":"/swagger/doc.json","query":"","params":null,"ip":"::1","user-agent":"Mozilla/5.0 (Macintosh; Intel Mac OS X 10_15_7) AppleWebKit/537.36 (KHTML, like Gecko) Chrome/98.0.4758.109 Safari/537.36","errors":"","cost":0.000083813}
{"level":"INFO","time":"2022-03-04 11:21:49","msg":"后端基础架构api文档启动成功，监听端口：3001"}
{"level":"INFO","time":"2022-03-04 11:21:52","msg":"/swagger/index.html","status":200,"method":"GET","path":"/swagger/index.html","query":"","params":null,"ip":"::1","user-agent":"Mozilla/5.0 (Macintosh; Intel Mac OS X 10_15_7) AppleWebKit/537.36 (KHTML, like Gecko) Chrome/98.0.4758.109 Safari/537.36","errors":"","cost":0.000179602}
{"level":"INFO","time":"2022-03-04 11:21:52","msg":"/swagger/doc.json","status":200,"method":"GET","path":"/swagger/doc.json","query":"","params":null,"ip":"::1","user-agent":"Mozilla/5.0 (Macintosh; Intel Mac OS X 10_15_7) AppleWebKit/537.36 (KHTML, like Gecko) Chrome/98.0.4758.109 Safari/537.36","errors":"","cost":0.000327339}
{"level":"INFO","time":"2022-03-04 11:22:40","msg":"后端基础架构api文档启动成功，监听端口：3001"}
{"level":"INFO","time":"2022-03-04 11:26:00","msg":"/swagger/index.html","status":200,"method":"GET","path":"/swagger/index.html","query":"","params":null,"ip":"::1","user-agent":"Mozilla/5.0 (Macintosh; Intel Mac OS X 10_15_7) AppleWebKit/537.36 (KHTML, like Gecko) Chrome/98.0.4758.109 Safari/537.36","errors":"","cost":0.000072853}
{"level":"INFO","time":"2022-03-04 11:26:00","msg":"/swagger/doc.json","status":200,"method":"GET","path":"/swagger/doc.json","query":"","params":null,"ip":"::1","user-agent":"Mozilla/5.0 (Macintosh; Intel Mac OS X 10_15_7) AppleWebKit/537.36 (KHTML, like Gecko) Chrome/98.0.4758.109 Safari/537.36","errors":"","cost":0.000099095}
{"level":"INFO","time":"2022-03-04 11:26:03","msg":"/swagger/index.html","status":200,"method":"GET","path":"/swagger/index.html","query":"","params":null,"ip":"::1","user-agent":"Mozilla/5.0 (Macintosh; Intel Mac OS X 10_15_7) AppleWebKit/537.36 (KHTML, like Gecko) Chrome/98.0.4758.109 Safari/537.36","errors":"","cost":0.000073718}
{"level":"INFO","time":"2022-03-04 11:26:03","msg":"/swagger/doc.json","status":200,"method":"GET","path":"/swagger/doc.json","query":"","params":null,"ip":"::1","user-agent":"Mozilla/5.0 (Macintosh; Intel Mac OS X 10_15_7) AppleWebKit/537.36 (KHTML, like Gecko) Chrome/98.0.4758.109 Safari/537.36","errors":"","cost":0.000090985}
{"level":"INFO","time":"2022-03-04 11:26:14","msg":"后端基础架构api文档启动成功，监听端口：3001"}
{"level":"INFO","time":"2022-03-04 11:26:19","msg":"/swagger/index.html","status":200,"method":"GET","path":"/swagger/index.html","query":"","params":null,"ip":"::1","user-agent":"Mozilla/5.0 (Macintosh; Intel Mac OS X 10_15_7) AppleWebKit/537.36 (KHTML, like Gecko) Chrome/98.0.4758.109 Safari/537.36","errors":"","cost":0.000146872}
{"level":"INFO","time":"2022-03-04 11:26:19","msg":"/swagger/doc.json","status":200,"method":"GET","path":"/swagger/doc.json","query":"","params":null,"ip":"::1","user-agent":"Mozilla/5.0 (Macintosh; Intel Mac OS X 10_15_7) AppleWebKit/537.36 (KHTML, like Gecko) Chrome/98.0.4758.109 Safari/537.36","errors":"","cost":0.000095988}
{"level":"INFO","time":"2022-03-04 11:26:27","msg":"/swagger/i","status":404,"method":"GET","path":"/swagger/i","query":"","params":null,"ip":"::1","user-agent":"Mozilla/5.0 (Macintosh; Intel Mac OS X 10_15_7) AppleWebKit/537.36 (KHTML, like Gecko) Chrome/98.0.4758.109 Safari/537.36","errors":"","cost":0.000033167}
{"level":"INFO","time":"2022-03-04 11:26:27","msg":"/favicon.ico","status":404,"method":"GET","path":"/favicon.ico","query":"","params":null,"ip":"::1","user-agent":"Mozilla/5.0 (Macintosh; Intel Mac OS X 10_15_7) AppleWebKit/537.36 (KHTML, like Gecko) Chrome/98.0.4758.109 Safari/537.36","errors":"","cost":0.000000224}
{"level":"INFO","time":"2022-03-04 11:26:49","msg":"后端基础架构api文档启动成功，监听端口：3001"}
{"level":"INFO","time":"2022-03-04 11:26:53","msg":"后端基础架构api文档启动成功，监听端口：3001"}
{"level":"INFO","time":"2022-03-04 11:26:57","msg":"/swagger/index.html","status":200,"method":"GET","path":"/swagger/index.html","query":"","params":null,"ip":"::1","user-agent":"Mozilla/5.0 (Macintosh; Intel Mac OS X 10_15_7) AppleWebKit/537.36 (KHTML, like Gecko) Chrome/98.0.4758.109 Safari/537.36","errors":"","cost":0.000044564}
{"level":"INFO","time":"2022-03-04 11:26:57","msg":"/swagger/doc.json","status":200,"method":"GET","path":"/swagger/doc.json","query":"","params":null,"ip":"::1","user-agent":"Mozilla/5.0 (Macintosh; Intel Mac OS X 10_15_7) AppleWebKit/537.36 (KHTML, like Gecko) Chrome/98.0.4758.109 Safari/537.36","errors":"","cost":0.000074906}
{"level":"INFO","time":"2022-03-04 11:27:01","msg":"/swagger/index.html","status":200,"method":"GET","path":"/swagger/index.html","query":"","params":null,"ip":"::1","user-agent":"Mozilla/5.0 (Macintosh; Intel Mac OS X 10_15_7) AppleWebKit/537.36 (KHTML, like Gecko) Chrome/98.0.4758.109 Safari/537.36","errors":"","cost":0.000049939}
{"level":"INFO","time":"2022-03-04 11:27:01","msg":"/swagger/doc.json","status":200,"method":"GET","path":"/swagger/doc.json","query":"","params":null,"ip":"::1","user-agent":"Mozilla/5.0 (Macintosh; Intel Mac OS X 10_15_7) AppleWebKit/537.36 (KHTML, like Gecko) Chrome/98.0.4758.109 Safari/537.36","errors":"","cost":0.000084239}
{"level":"INFO","time":"2022-03-04 11:29:36","msg":"/swagger/doc.json","status":200,"method":"GET","path":"/swagger/doc.json","query":"","params":null,"ip":"::1","user-agent":"Mozilla/5.0 (Macintosh; Intel Mac OS X 10_15_7) AppleWebKit/537.36 (KHTML, like Gecko) apifox/2.0.0 Chrome/96.0.4664.110 Electron/16.0.7 Safari/537.36","errors":"","cost":0.000131267}
{"level":"INFO","time":"2022-03-04 11:29:59","msg":"后端基础架构api文档启动成功，监听端口：3001"}
{"level":"INFO","time":"2022-03-04 11:30:43","msg":"后端基础架构api文档启动成功，监听端口：3001"}
{"level":"INFO","time":"2022-03-04 11:31:46","msg":"后端基础架构api文档启动成功，监听端口：3001"}
{"level":"INFO","time":"2022-03-04 11:31:50","msg":"/swagger/index.html","status":200,"method":"GET","path":"/swagger/index.html","query":"","params":null,"ip":"::1","user-agent":"Mozilla/5.0 (Macintosh; Intel Mac OS X 10_15_7) AppleWebKit/537.36 (KHTML, like Gecko) Chrome/98.0.4758.109 Safari/537.36","errors":"","cost":0.000354748}
{"level":"INFO","time":"2022-03-04 11:31:51","msg":"/swagger/doc.json","status":200,"method":"GET","path":"/swagger/doc.json","query":"","params":null,"ip":"::1","user-agent":"Mozilla/5.0 (Macintosh; Intel Mac OS X 10_15_7) AppleWebKit/537.36 (KHTML, like Gecko) Chrome/98.0.4758.109 Safari/537.36","errors":"","cost":0.000206221}
{"level":"INFO","time":"2022-03-04 11:34:15","msg":"后端基础架构api文档启动成功，监听端口：3001"}
{"level":"INFO","time":"2022-03-04 11:34:42","msg":"后端基础架构api文档启动成功，监听端口：3001"}
{"level":"INFO","time":"2022-03-04 11:34:48","msg":"后端基础架构api文档启动成功，监听端口：3001"}
{"level":"INFO","time":"2022-03-04 11:34:51","msg":"/swagger/index.html","status":200,"method":"GET","path":"/swagger/index.html","query":"","params":null,"ip":"::1","user-agent":"Mozilla/5.0 (Macintosh; Intel Mac OS X 10_15_7) AppleWebKit/537.36 (KHTML, like Gecko) Chrome/98.0.4758.109 Safari/537.36","errors":"","cost":0.00024185}
{"level":"INFO","time":"2022-03-04 11:34:52","msg":"/swagger/doc.json","status":200,"method":"GET","path":"/swagger/doc.json","query":"","params":null,"ip":"::1","user-agent":"Mozilla/5.0 (Macintosh; Intel Mac OS X 10_15_7) AppleWebKit/537.36 (KHTML, like Gecko) Chrome/98.0.4758.109 Safari/537.36","errors":"","cost":0.000159246}
{"level":"INFO","time":"2022-03-04 11:34:58","msg":"后端基础架构api文档启动成功，监听端口：3001"}
{"level":"INFO","time":"2022-03-04 11:34:59","msg":"/swagger/index.html","status":200,"method":"GET","path":"/swagger/index.html","query":"","params":null,"ip":"::1","user-agent":"Mozilla/5.0 (Macintosh; Intel Mac OS X 10_15_7) AppleWebKit/537.36 (KHTML, like Gecko) Chrome/98.0.4758.109 Safari/537.36","errors":"","cost":0.000232111}
{"level":"INFO","time":"2022-03-04 11:34:59","msg":"/swagger/doc.json","status":200,"method":"GET","path":"/swagger/doc.json","query":"","params":null,"ip":"::1","user-agent":"Mozilla/5.0 (Macintosh; Intel Mac OS X 10_15_7) AppleWebKit/537.36 (KHTML, like Gecko) Chrome/98.0.4758.109 Safari/537.36","errors":"","cost":0.000169821}
