{"level":"INFO","time":"2022-03-02 23:35:04","msg":"后端基础架构api文档启动成功，监听端口：3001"}
{"level":"INFO","time":"2022-03-02 23:40:14","msg":"后端基础架构api文档启动成功，监听端口：3001"}
{"level":"INFO","time":"2022-03-02 23:40:51","msg":"后端基础架构api文档启动成功，监听端口：3001"}
{"level":"INFO","time":"2022-03-02 23:41:05","msg":"后端基础架构api文档启动成功，监听端口：3001"}
{"level":"INFO","time":"2022-03-02 23:45:21","msg":"后端基础架构api文档启动成功，监听端口：3001"}
{"level":"INFO","time":"2022-03-02 23:45:52","msg":"后端基础架构api文档启动成功，监听端口：3001"}
{"level":"INFO","time":"2022-03-02 23:47:45","msg":"后端基础架构api文档启动成功，监听端口：3001"}
{"level":"INFO","time":"2022-03-02 23:47:55","msg":"/swagger/index.html","status":200,"method":"GET","path":"/swagger/index.html","query":"","params":null,"ip":"::1","user-agent":"Mozilla/5.0 (Macintosh; Intel Mac OS X 10_15_7) AppleWebKit/537.36 (KHTML, like Gecko) Chrome/98.0.4758.109 Safari/537.36","errors":"","cost":0.003451417}
{"level":"INFO","time":"2022-03-02 23:47:55","msg":"/swagger/swagger-ui.css","status":200,"method":"GET","path":"/swagger/swagger-ui.css","query":"","params":null,"ip":"::1","user-agent":"Mozilla/5.0 (Macintosh; Intel Mac OS X 10_15_7) AppleWebKit/537.36 (KHTML, like Gecko) Chrome/98.0.4758.109 Safari/537.36","errors":"","cost":0.00023875}
{"level":"INFO","time":"2022-03-02 23:47:55","msg":"/swagger/swagger-ui-standalone-preset.js","status":200,"method":"GET","path":"/swagger/swagger-ui-standalone-preset.js","query":"","params":null,"ip":"::1","user-agent":"Mozilla/5.0 (Macintosh; Intel Mac OS X 10_15_7) AppleWebKit/537.36 (KHTML, like Gecko) Chrome/98.0.4758.109 Safari/537.36","errors":"","cost":0.000574791}
{"level":"INFO","time":"2022-03-02 23:47:55","msg":"/swagger/swagger-ui-bundle.js","status":200,"method":"GET","path":"/swagger/swagger-ui-bundle.js","query":"","params":null,"ip":"::1","user-agent":"Mozilla/5.0 (Macintosh; Intel Mac OS X 10_15_7) AppleWebKit/537.36 (KHTML, like Gecko) Chrome/98.0.4758.109 Safari/537.36","errors":"","cost":0.002302375}
{"level":"INFO","time":"2022-03-02 23:49:07","msg":"/swagger/index.html","status":200,"method":"GET","path":"/swagger/index.html","query":"","params":null,"ip":"::1","user-agent":"Mozilla/5.0 (Macintosh; Intel Mac OS X 10_15_7) AppleWebKit/537.36 (KHTML, like Gecko) Chrome/98.0.4758.109 Safari/537.36","errors":"","cost":0.000436625}
{"level":"INFO","time":"2022-03-02 23:49:07","msg":"/swagger/swagger-ui-standalone-preset.js","status":304,"method":"GET","path":"/swagger/swagger-ui-standalone-preset.js","query":"","params":null,"ip":"::1","user-agent":"Mozilla/5.0 (Macintosh; Intel Mac OS X 10_15_7) AppleWebKit/537.36 (KHTML, like Gecko) Chrome/98.0.4758.109 Safari/537.36","errors":"","cost":0.00005725}
{"level":"INFO","time":"2022-03-02 23:49:07","msg":"/swagger/swagger-ui-bundle.js","status":304,"method":"GET","path":"/swagger/swagger-ui-bundle.js","query":"","params":null,"ip":"::1","user-agent":"Mozilla/5.0 (Macintosh; Intel Mac OS X 10_15_7) AppleWebKit/537.36 (KHTML, like Gecko) Chrome/98.0.4758.109 Safari/537.36","errors":"","cost":0.000018916}
{"level":"INFO","time":"2022-03-02 23:49:07","msg":"/swagger/swagger-ui.css","status":304,"method":"GET","path":"/swagger/swagger-ui.css","query":"","params":null,"ip":"::1","user-agent":"Mozilla/5.0 (Macintosh; Intel Mac OS X 10_15_7) AppleWebKit/537.36 (KHTML, like Gecko) Chrome/98.0.4758.109 Safari/537.36","errors":"","cost":0.000013292}
{"level":"INFO","time":"2022-03-02 23:49:11","msg":"/swagger/doc.json","status":200,"method":"GET","path":"/swagger/doc.json","query":"","params":null,"ip":"::1","user-agent":"Mozilla/5.0 (Macintosh; Intel Mac OS X 10_15_7) AppleWebKit/537.36 (KHTML, like Gecko) Chrome/98.0.4758.109 Safari/537.36","errors":"","cost":0.000702125}
{"level":"INFO","time":"2022-03-02 23:49:11","msg":"/swagger/favicon-32x32.png","status":200,"method":"GET","path":"/swagger/favicon-32x32.png","query":"","params":null,"ip":"::1","user-agent":"Mozilla/5.0 (Macintosh; Intel Mac OS X 10_15_7) AppleWebKit/537.36 (KHTML, like Gecko) Chrome/98.0.4758.109 Safari/537.36","errors":"","cost":0.000066875}
{"level":"INFO","time":"2022-03-02 23:49:23","msg":"/api/v1/user/","status":200,"method":"GET","path":"/api/v1/user/","query":"page=1&size=10","params":null,"ip":"::1","user-agent":"Mozilla/5.0 (Macintosh; Intel Mac OS X 10_15_7) AppleWebKit/537.36 (KHTML, like Gecko) Chrome/98.0.4758.109 Safari/537.36","errors":"","cost":0.000679166}
{"level":"INFO","time":"2022-03-02 23:50:24","msg":"后端基础架构api文档启动成功，监听端口：3001"}
{"level":"INFO","time":"2022-03-02 23:50:31","msg":"后端基础架构api文档启动成功，监听端口：3001"}
{"level":"INFO","time":"2022-03-02 23:50:32","msg":"/swagger/index.html","status":200,"method":"GET","path":"/swagger/index.html","query":"","params":null,"ip":"::1","user-agent":"Mozilla/5.0 (Macintosh; Intel Mac OS X 10_15_7) AppleWebKit/537.36 (KHTML, like Gecko) Chrome/98.0.4758.109 Safari/537.36","errors":"","cost":0.003456375}
{"level":"INFO","time":"2022-03-02 23:50:32","msg":"/swagger/swagger-ui.css","status":200,"method":"GET","path":"/swagger/swagger-ui.css","query":"","params":null,"ip":"::1","user-agent":"Mozilla/5.0 (Macintosh; Intel Mac OS X 10_15_7) AppleWebKit/537.36 (KHTML, like Gecko) Chrome/98.0.4758.109 Safari/537.36","errors":"","cost":0.000218083}
{"level":"INFO","time":"2022-03-02 23:50:32","msg":"/swagger/swagger-ui-standalone-preset.js","status":200,"method":"GET","path":"/swagger/swagger-ui-standalone-preset.js","query":"","params":null,"ip":"::1","user-agent":"Mozilla/5.0 (Macintosh; Intel Mac OS X 10_15_7) AppleWebKit/537.36 (KHTML, like Gecko) Chrome/98.0.4758.109 Safari/537.36","errors":"","cost":0.00121725}
{"level":"INFO","time":"2022-03-02 23:50:32","msg":"/swagger/swagger-ui-bundle.js","status":200,"method":"GET","path":"/swagger/swagger-ui-bundle.js","query":"","params":null,"ip":"::1","user-agent":"Mozilla/5.0 (Macintosh; Intel Mac OS X 10_15_7) AppleWebKit/537.36 (KHTML, like Gecko) Chrome/98.0.4758.109 Safari/537.36","errors":"","cost":0.00392275}
{"level":"INFO","time":"2022-03-02 23:50:47","msg":"/swagger/index.html","status":200,"method":"GET","path":"/swagger/index.html","query":"","params":null,"ip":"::1","user-agent":"Mozilla/5.0 (Macintosh; Intel Mac OS X 10_15_7) AppleWebKit/537.36 (KHTML, like Gecko) Chrome/98.0.4758.109 Safari/537.36","errors":"","cost":0.000319333}
{"level":"INFO","time":"2022-03-02 23:50:47","msg":"/swagger/swagger-ui-standalone-preset.js","status":304,"method":"GET","path":"/swagger/swagger-ui-standalone-preset.js","query":"","params":null,"ip":"::1","user-agent":"Mozilla/5.0 (Macintosh; Intel Mac OS X 10_15_7) AppleWebKit/537.36 (KHTML, like Gecko) Chrome/98.0.4758.109 Safari/537.36","errors":"","cost":0.000049834}
{"level":"INFO","time":"2022-03-02 23:50:47","msg":"/swagger/swagger-ui-bundle.js","status":304,"method":"GET","path":"/swagger/swagger-ui-bundle.js","query":"","params":null,"ip":"::1","user-agent":"Mozilla/5.0 (Macintosh; Intel Mac OS X 10_15_7) AppleWebKit/537.36 (KHTML, like Gecko) Chrome/98.0.4758.109 Safari/537.36","errors":"","cost":0.000017667}
{"level":"INFO","time":"2022-03-02 23:50:47","msg":"/swagger/swagger-ui.css","status":304,"method":"GET","path":"/swagger/swagger-ui.css","query":"","params":null,"ip":"::1","user-agent":"Mozilla/5.0 (Macintosh; Intel Mac OS X 10_15_7) AppleWebKit/537.36 (KHTML, like Gecko) Chrome/98.0.4758.109 Safari/537.36","errors":"","cost":0.000015959}
{"level":"INFO","time":"2022-03-02 23:51:47","msg":"/swagger/doc.json","status":200,"method":"GET","path":"/swagger/doc.json","query":"","params":null,"ip":"::1","user-agent":"Mozilla/5.0 (Macintosh; Intel Mac OS X 10_15_7) AppleWebKit/537.36 (KHTML, like Gecko) Chrome/98.0.4758.109 Safari/537.36","errors":"","cost":0.001303875}
{"level":"INFO","time":"2022-03-02 23:51:47","msg":"/swagger/favicon-32x32.png","status":200,"method":"GET","path":"/swagger/favicon-32x32.png","query":"","params":null,"ip":"::1","user-agent":"Mozilla/5.0 (Macintosh; Intel Mac OS X 10_15_7) AppleWebKit/537.36 (KHTML, like Gecko) Chrome/98.0.4758.109 Safari/537.36","errors":"","cost":0.000080792}
{"level":"INFO","time":"2022-03-02 23:54:42","msg":"/api/v1/user/","status":200,"method":"GET","path":"/api/v1/user/","query":"page=1&size=10","params":null,"ip":"::1","user-agent":"Mozilla/5.0 (Macintosh; Intel Mac OS X 10_15_7) AppleWebKit/537.36 (KHTML, like Gecko) Chrome/98.0.4758.109 Safari/537.36","errors":"","cost":0.000006458}
{"level":"INFO","time":"2022-03-02 23:54:55","msg":"/api/v1/user/","status":200,"method":"GET","path":"/api/v1/user/","query":"page=1&size=10","params":null,"ip":"::1","user-agent":"Mozilla/5.0 (Macintosh; Intel Mac OS X 10_15_7) AppleWebKit/537.36 (KHTML, like Gecko) Chrome/98.0.4758.109 Safari/537.36","errors":"","cost":0.000001125}
{"level":"INFO","time":"2022-03-02 23:55:39","msg":"后端基础架构api文档启动成功，监听端口：3001"}
{"level":"INFO","time":"2022-03-02 23:55:43","msg":"/api/v1/user/","status":200,"method":"GET","path":"/api/v1/user/","query":"page=1&size=10","params":null,"ip":"::1","user-agent":"Mozilla/5.0 (Macintosh; Intel Mac OS X 10_15_7) AppleWebKit/537.36 (KHTML, like Gecko) Chrome/98.0.4758.109 Safari/537.36","errors":"","cost":0.000000917}
