{"level":"INFO","time":"2022-03-05 00:03:38","msg":"后端基础架构api文档启动成功，监听端口：3001"}
{"level":"INFO","time":"2022-03-05 00:04:31","msg":"/swagger/index.html","status":200,"method":"GET","path":"/swagger/index.html","query":"","params":null,"ip":"::1","user-agent":"Mozilla/5.0 (Macintosh; Intel Mac OS X 10_15_7) AppleWebKit/537.36 (KHTML, like Gecko) Chrome/98.0.4758.109 Safari/537.36","errors":"","cost":0.003196416}
{"level":"INFO","time":"2022-03-05 00:04:31","msg":"/swagger/swagger-ui.css","status":200,"method":"GET","path":"/swagger/swagger-ui.css","query":"","params":null,"ip":"::1","user-agent":"Mozilla/5.0 (Macintosh; Intel Mac OS X 10_15_7) AppleWebKit/537.36 (KHTML, like Gecko) Chrome/98.0.4758.109 Safari/537.36","errors":"","cost":0.000370583}
{"level":"INFO","time":"2022-03-05 00:04:31","msg":"/swagger/swagger-ui-standalone-preset.js","status":200,"method":"GET","path":"/swagger/swagger-ui-standalone-preset.js","query":"","params":null,"ip":"::1","user-agent":"Mozilla/5.0 (Macintosh; Intel Mac OS X 10_15_7) AppleWebKit/537.36 (KHTML, like Gecko) Chrome/98.0.4758.109 Safari/537.36","errors":"","cost":0.001604041}
{"level":"INFO","time":"2022-03-05 00:04:31","msg":"/swagger/swagger-ui-bundle.js","status":200,"method":"GET","path":"/swagger/swagger-ui-bundle.js","query":"","params":null,"ip":"::1","user-agent":"Mozilla/5.0 (Macintosh; Intel Mac OS X 10_15_7) AppleWebKit/537.36 (KHTML, like Gecko) Chrome/98.0.4758.109 Safari/537.36","errors":"","cost":0.001894417}
{"level":"INFO","time":"2022-03-05 00:04:31","msg":"/swagger/doc.json","status":200,"method":"GET","path":"/swagger/doc.json","query":"","params":null,"ip":"::1","user-agent":"Mozilla/5.0 (Macintosh; Intel Mac OS X 10_15_7) AppleWebKit/537.36 (KHTML, like Gecko) Chrome/98.0.4758.109 Safari/537.36","errors":"","cost":0.000479333}
{"level":"INFO","time":"2022-03-05 00:04:31","msg":"/swagger/favicon-32x32.png","status":200,"method":"GET","path":"/swagger/favicon-32x32.png","query":"","params":null,"ip":"::1","user-agent":"Mozilla/5.0 (Macintosh; Intel Mac OS X 10_15_7) AppleWebKit/537.36 (KHTML, like Gecko) Chrome/98.0.4758.109 Safari/537.36","errors":"","cost":0.000029375}
{"level":"INFO","time":"2022-03-05 00:04:56","msg":"后端基础架构api文档启动成功，监听端口：3001"}
{"level":"INFO","time":"2022-03-05 00:05:01","msg":"/swagger/index.html","status":200,"method":"GET","path":"/swagger/index.html","query":"","params":null,"ip":"::1","user-agent":"Mozilla/5.0 (Macintosh; Intel Mac OS X 10_15_7) AppleWebKit/537.36 (KHTML, like Gecko) Chrome/98.0.4758.109 Safari/537.36","errors":"","cost":0.003762667}
{"level":"INFO","time":"2022-03-05 00:05:01","msg":"/swagger/swagger-ui.css","status":200,"method":"GET","path":"/swagger/swagger-ui.css","query":"","params":null,"ip":"::1","user-agent":"Mozilla/5.0 (Macintosh; Intel Mac OS X 10_15_7) AppleWebKit/537.36 (KHTML, like Gecko) Chrome/98.0.4758.109 Safari/537.36","errors":"","cost":0.000292166}
{"level":"INFO","time":"2022-03-05 00:05:01","msg":"/swagger/swagger-ui-standalone-preset.js","status":200,"method":"GET","path":"/swagger/swagger-ui-standalone-preset.js","query":"","params":null,"ip":"::1","user-agent":"Mozilla/5.0 (Macintosh; Intel Mac OS X 10_15_7) AppleWebKit/537.36 (KHTML, like Gecko) Chrome/98.0.4758.109 Safari/537.36","errors":"","cost":0.001105917}
{"level":"INFO","time":"2022-03-05 00:05:01","msg":"/swagger/swagger-ui-bundle.js","status":200,"method":"GET","path":"/swagger/swagger-ui-bundle.js","query":"","params":null,"ip":"::1","user-agent":"Mozilla/5.0 (Macintosh; Intel Mac OS X 10_15_7) AppleWebKit/537.36 (KHTML, like Gecko) Chrome/98.0.4758.109 Safari/537.36","errors":"","cost":0.0017915}
{"level":"INFO","time":"2022-03-05 00:05:01","msg":"/swagger/doc.json","status":200,"method":"GET","path":"/swagger/doc.json","query":"","params":null,"ip":"::1","user-agent":"Mozilla/5.0 (Macintosh; Intel Mac OS X 10_15_7) AppleWebKit/537.36 (KHTML, like Gecko) Chrome/98.0.4758.109 Safari/537.36","errors":"","cost":0.000432417}
{"level":"INFO","time":"2022-03-05 00:05:01","msg":"/swagger/favicon-32x32.png","status":200,"method":"GET","path":"/swagger/favicon-32x32.png","query":"","params":null,"ip":"::1","user-agent":"Mozilla/5.0 (Macintosh; Intel Mac OS X 10_15_7) AppleWebKit/537.36 (KHTML, like Gecko) Chrome/98.0.4758.109 Safari/537.36","errors":"","cost":0.000023708}
{"level":"INFO","time":"2022-03-05 00:05:15","msg":"/api/v1/user/","status":200,"method":"POST","path":"/api/v1/user/","query":"","params":null,"ip":"::1","user-agent":"Mozilla/5.0 (Macintosh; Intel Mac OS X 10_15_7) AppleWebKit/537.36 (KHTML, like Gecko) Chrome/98.0.4758.109 Safari/537.36","errors":"","cost":0.000532375}
{"level":"INFO","time":"2022-03-05 00:06:22","msg":"后端基础架构api文档启动成功，监听端口：3001"}
{"level":"INFO","time":"2022-03-05 00:06:56","msg":"/swagger/index.html","status":200,"method":"GET","path":"/swagger/index.html","query":"","params":null,"ip":"::1","user-agent":"Mozilla/5.0 (Macintosh; Intel Mac OS X 10_15_7) AppleWebKit/537.36 (KHTML, like Gecko) Chrome/98.0.4758.109 Safari/537.36","errors":"","cost":0.002792917}
{"level":"INFO","time":"2022-03-05 00:06:56","msg":"/swagger/swagger-ui.css","status":200,"method":"GET","path":"/swagger/swagger-ui.css","query":"","params":null,"ip":"::1","user-agent":"Mozilla/5.0 (Macintosh; Intel Mac OS X 10_15_7) AppleWebKit/537.36 (KHTML, like Gecko) Chrome/98.0.4758.109 Safari/537.36","errors":"","cost":0.000376667}
{"level":"INFO","time":"2022-03-05 00:06:56","msg":"/swagger/swagger-ui-standalone-preset.js","status":200,"method":"GET","path":"/swagger/swagger-ui-standalone-preset.js","query":"","params":null,"ip":"::1","user-agent":"Mozilla/5.0 (Macintosh; Intel Mac OS X 10_15_7) AppleWebKit/537.36 (KHTML, like Gecko) Chrome/98.0.4758.109 Safari/537.36","errors":"","cost":0.001195375}
{"level":"INFO","time":"2022-03-05 00:06:56","msg":"/swagger/swagger-ui-bundle.js","status":200,"method":"GET","path":"/swagger/swagger-ui-bundle.js","query":"","params":null,"ip":"::1","user-agent":"Mozilla/5.0 (Macintosh; Intel Mac OS X 10_15_7) AppleWebKit/537.36 (KHTML, like Gecko) Chrome/98.0.4758.109 Safari/537.36","errors":"","cost":0.002253458}
{"level":"INFO","time":"2022-03-05 00:06:56","msg":"/swagger/doc.json","status":200,"method":"GET","path":"/swagger/doc.json","query":"","params":null,"ip":"::1","user-agent":"Mozilla/5.0 (Macintosh; Intel Mac OS X 10_15_7) AppleWebKit/537.36 (KHTML, like Gecko) Chrome/98.0.4758.109 Safari/537.36","errors":"","cost":0.002076375}
{"level":"INFO","time":"2022-03-05 00:06:56","msg":"/swagger/favicon-32x32.png","status":200,"method":"GET","path":"/swagger/favicon-32x32.png","query":"","params":null,"ip":"::1","user-agent":"Mozilla/5.0 (Macintosh; Intel Mac OS X 10_15_7) AppleWebKit/537.36 (KHTML, like Gecko) Chrome/98.0.4758.109 Safari/537.36","errors":"","cost":0.00054725}
{"level":"INFO","time":"2022-03-05 00:07:43","msg":"后端基础架构api文档启动成功，监听端口：3001"}
{"level":"INFO","time":"2022-03-05 00:07:50","msg":"后端基础架构api文档启动成功，监听端口：3001"}
{"level":"INFO","time":"2022-03-05 00:07:52","msg":"/swagger/index.html","status":200,"method":"GET","path":"/swagger/index.html","query":"","params":null,"ip":"::1","user-agent":"Mozilla/5.0 (Macintosh; Intel Mac OS X 10_15_7) AppleWebKit/537.36 (KHTML, like Gecko) Chrome/98.0.4758.109 Safari/537.36","errors":"","cost":0.003783333}
{"level":"INFO","time":"2022-03-05 00:07:52","msg":"/swagger/swagger-ui-standalone-preset.js","status":200,"method":"GET","path":"/swagger/swagger-ui-standalone-preset.js","query":"","params":null,"ip":"::1","user-agent":"Mozilla/5.0 (Macintosh; Intel Mac OS X 10_15_7) AppleWebKit/537.36 (KHTML, like Gecko) Chrome/98.0.4758.109 Safari/537.36","errors":"","cost":0.000651875}
{"level":"INFO","time":"2022-03-05 00:07:52","msg":"/swagger/swagger-ui.css","status":200,"method":"GET","path":"/swagger/swagger-ui.css","query":"","params":null,"ip":"::1","user-agent":"Mozilla/5.0 (Macintosh; Intel Mac OS X 10_15_7) AppleWebKit/537.36 (KHTML, like Gecko) Chrome/98.0.4758.109 Safari/537.36","errors":"","cost":0.000139083}
{"level":"INFO","time":"2022-03-05 00:07:52","msg":"/swagger/swagger-ui-bundle.js","status":200,"method":"GET","path":"/swagger/swagger-ui-bundle.js","query":"","params":null,"ip":"::1","user-agent":"Mozilla/5.0 (Macintosh; Intel Mac OS X 10_15_7) AppleWebKit/537.36 (KHTML, like Gecko) Chrome/98.0.4758.109 Safari/537.36","errors":"","cost":0.001463667}
{"level":"INFO","time":"2022-03-05 00:07:52","msg":"/swagger/doc.json","status":200,"method":"GET","path":"/swagger/doc.json","query":"","params":null,"ip":"::1","user-agent":"Mozilla/5.0 (Macintosh; Intel Mac OS X 10_15_7) AppleWebKit/537.36 (KHTML, like Gecko) Chrome/98.0.4758.109 Safari/537.36","errors":"","cost":0.002341708}
{"level":"INFO","time":"2022-03-05 00:07:52","msg":"/swagger/favicon-32x32.png","status":200,"method":"GET","path":"/swagger/favicon-32x32.png","query":"","params":null,"ip":"::1","user-agent":"Mozilla/5.0 (Macintosh; Intel Mac OS X 10_15_7) AppleWebKit/537.36 (KHTML, like Gecko) Chrome/98.0.4758.109 Safari/537.36","errors":"","cost":0.000242125}
{"level":"INFO","time":"2022-03-05 00:07:55","msg":"/api/v1/user/","status":200,"method":"POST","path":"/api/v1/user/","query":"","params":null,"ip":"::1","user-agent":"Mozilla/5.0 (Macintosh; Intel Mac OS X 10_15_7) AppleWebKit/537.36 (KHTML, like Gecko) Chrome/98.0.4758.109 Safari/537.36","errors":"","cost":0.038028166}
{"level":"INFO","time":"2022-03-05 00:09:00","msg":"后端基础架构api文档启动成功，监听端口：3001"}
{"level":"INFO","time":"2022-03-05 00:09:46","msg":"后端基础架构api文档启动成功，监听端口：3001"}
{"level":"INFO","time":"2022-03-05 00:10:42","msg":"后端基础架构api文档启动成功，监听端口：3001"}
{"level":"INFO","time":"2022-03-05 00:10:46","msg":"/api/v1/user/1","status":200,"method":"PUT","path":"/api/v1/user/1","query":"","params":null,"ip":"::1","user-agent":"Mozilla/5.0 (Macintosh; Intel Mac OS X 10_15_7) AppleWebKit/537.36 (KHTML, like Gecko) Chrome/98.0.4758.109 Safari/537.36","errors":"","cost":0.028017}
{"level":"INFO","time":"2022-03-05 00:18:54","msg":"后端基础架构api文档启动成功，监听端口：3001"}
{"level":"INFO","time":"2022-03-05 00:19:03","msg":"/api/v1/user/1","status":200,"method":"PUT","path":"/api/v1/user/1","query":"","params":null,"ip":"::1","user-agent":"Mozilla/5.0 (Macintosh; Intel Mac OS X 10_15_7) AppleWebKit/537.36 (KHTML, like Gecko) Chrome/98.0.4758.109 Safari/537.36","errors":"","cost":0.01922225}
{"level":"INFO","time":"2022-03-05 00:19:23","msg":"/api/v1/user/1","status":200,"method":"PUT","path":"/api/v1/user/1","query":"","params":null,"ip":"::1","user-agent":"Mozilla/5.0 (Macintosh; Intel Mac OS X 10_15_7) AppleWebKit/537.36 (KHTML, like Gecko) Chrome/98.0.4758.109 Safari/537.36","errors":"","cost":0.025685833}
{"level":"INFO","time":"2022-03-05 00:20:11","msg":"后端基础架构api文档启动成功，监听端口：3001"}
{"level":"INFO","time":"2022-03-05 00:20:16","msg":"/api/v1/user/1","status":200,"method":"PUT","path":"/api/v1/user/1","query":"","params":null,"ip":"::1","user-agent":"Mozilla/5.0 (Macintosh; Intel Mac OS X 10_15_7) AppleWebKit/537.36 (KHTML, like Gecko) Chrome/98.0.4758.109 Safari/537.36","errors":"","cost":0.0241345}
{"level":"INFO","time":"2022-03-05 00:27:55","msg":"后端基础架构api文档启动成功，监听端口：3001"}
